Number of R1CS constraints: 4234133
Serialized proving key size in bytes: 2889659936
Serialized verifying key size in bytes: 23264
Storing...
* QAP number of variables: 3597533
* QAP pre degree: 4234133
* QAP degree: 4259840
* QAP number of input variables: 261
* G1 window: 20
* G2 window: 17
* G1 elements in PK: 25845053
* Non-zero G1 elements in PK: 22013484
* G2 elements in PK: 3597535
* Non-zero G2 elements in PK: 2296954
* PK size in bits: 7309085926
* G1 elements in VK: 263
* G2 elements in VK: 5
* VK size in bits: 86569
Loading proving/verifying keys...
	Proving key...
	Verifying key...
	Deserializing...
Loading proving/verifying keys...
	Proving key...
	Verifying key...
	Deserializing...
Loading proving/verifying keys...
	Proving key...
	Verifying key...
	Deserializing...
